a:\program\acm\cpp\2024\x64\debug\vc142.pdb
a:\program\acm\cpp\2024\x64\debug\vc142.idb
a:\program\acm\cpp\2024\x64\debug\揭阳杯热身.obj
a:\program\acm\cpp\2024\x64\debug\基础训练营6.obj
a:\program\acm\cpp\2024\x64\debug\基础训练营5.obj
a:\program\acm\cpp\2024\x64\debug\基础训练营4.obj
a:\program\acm\cpp\2024\x64\debug\基础训练营3.obj
a:\program\acm\cpp\2024\x64\debug\基础训练营2.obj
a:\program\acm\cpp\2024\x64\debug\基础训练营1.obj
a:\program\acm\cpp\2024\x64\debug\cf 2024.3.5.obj
a:\program\acm\cpp\2024\x64\debug\cf 2024.2.8.obj
a:\program\acm\cpp\2024\x64\debug\cf 2024.3.7.obj
a:\program\acm\cpp\2024\x64\debug\cf 2024.3.14.obj
a:\program\acm\cpp\2024\x64\debug\cf 2024.3.12.obj
a:\program\acm\cpp\2024\x64\debug\cf 2024.2.29.obj
a:\program\acm\cpp\2024\x64\debug\cf 2024.2.27.obj
a:\program\acm\cpp\2024\x64\debug\cf 2024.3.19.obj
a:\program\acm\cpp\2024\x64\debug\cf 2024.3.21.obj
a:\program\acm\cpp\2024\x64\debug\lanqiao 14b.obj
a:\program\acm\cpp\2024\x64\debug\cf 2024.3.26.obj
a:\program\acm\cpp\2024\x64\debug\2024揭工杯.obj
a:\program\acm\cpp\2024\x64\debug\cf 2024.3.28.obj
a:\program\acm\cpp\2024\x64\debug\cf div4 2024.3.28.obj
a:\program\acm\cpp\2024\x64\debug\cf 2024.3.31.obj
a:\program\acm\cpp\2024\x64\debug\cf 2024.3.29.obj
a:\program\acm\cpp\2024\x64\debug\cf 2024.4.2.obj
a:\program\acm\cpp\2024\x64\debug\cf 2024.4.7.obj
a:\program\acm\cpp\2024\x64\debug\cf 2024.4.11.obj
a:\program\acm\cpp\x64\debug\2024.exe
a:\program\acm\cpp\2024\x64\debug\2024.ilk
a:\program\acm\cpp\x64\debug\2024.pdb
a:\program\acm\cpp\2024\x64\debug\cf 2024.3.26.obj.enc
a:\program\acm\cpp\2024\x64\debug\cf 2024.3.29.new.obj.enc
a:\program\acm\cpp\2024\x64\debug\cf 2024.3.31.obj.enc
a:\program\acm\cpp\2024\x64\debug\cf 2024.4.11.obj.enc
a:\program\acm\cpp\2024\x64\debug\2024.tlog\cl.command.1.tlog
a:\program\acm\cpp\2024\x64\debug\2024.tlog\cl.read.1.tlog
a:\program\acm\cpp\2024\x64\debug\2024.tlog\cl.write.1.tlog
a:\program\acm\cpp\2024\x64\debug\2024.tlog\link.command.1.tlog
a:\program\acm\cpp\2024\x64\debug\2024.tlog\link.read.1.tlog
a:\program\acm\cpp\2024\x64\debug\2024.tlog\link.write.1.tlog
